0 info it worked if it ends with ok
1 verbose cli [ '/usr/bin/node', '/usr/bin/npm', 'install', 'bower', '/g' ]
2 info using npm@1.4.28
3 info using node@v0.10.36
4 verbose cache add [ 'bower', null ]
5 verbose cache add name=undefined spec="bower" args=["bower",null]
6 verbose parsed url { protocol: null,
6 verbose parsed url   slashes: null,
6 verbose parsed url   auth: null,
6 verbose parsed url   host: null,
6 verbose parsed url   port: null,
6 verbose parsed url   hostname: null,
6 verbose parsed url   hash: null,
6 verbose parsed url   search: null,
6 verbose parsed url   query: null,
6 verbose parsed url   pathname: 'bower',
6 verbose parsed url   path: 'bower',
6 verbose parsed url   href: 'bower' }
7 verbose cache add [ '/g', null ]
8 verbose cache add name=undefined spec="/g" args=["/g",null]
9 verbose parsed url { protocol: null,
9 verbose parsed url   slashes: null,
9 verbose parsed url   auth: null,
9 verbose parsed url   host: null,
9 verbose parsed url   port: null,
9 verbose parsed url   hostname: null,
9 verbose parsed url   hash: null,
9 verbose parsed url   search: null,
9 verbose parsed url   query: null,
9 verbose parsed url   pathname: '/g',
9 verbose parsed url   path: '/g',
9 verbose parsed url   href: '/g' }
10 silly lockFile 206e3ce5-bower bower
11 verbose lock bower /root/.npm/206e3ce5-bower.lock
12 silly lockFile 896568da-g /g
13 verbose lock /g /root/.npm/896568da-g.lock
14 silly lockFile 206e3ce5-bower bower
15 silly lockFile 206e3ce5-bower bower
16 info maybeGithub Attempting /g from git://github.com//g
17 silly lockFile 9c3f4b28-git-github-com-g git://github.com//g
18 verbose lock git://github.com//g /root/.npm/9c3f4b28-git-github-com-g.lock
19 verbose addNamed [ 'bower', '' ]
20 verbose addNamed [ null, '*' ]
21 silly lockFile 1240aab1-bower bower@
22 verbose lock bower@ /root/.npm/1240aab1-bower.lock
23 verbose addRemoteGit [ 'git://github.com//g', 'master' ]
24 silly addNameRange { name: 'bower', range: '*', hasData: false }
25 verbose request where is /bower
26 verbose request registry https://registry.npmjs.org/
27 verbose request id c45c63d9a15de542
28 verbose url raw /bower
29 verbose url resolving [ 'https://registry.npmjs.org/', './bower' ]
30 verbose url resolved https://registry.npmjs.org/bower
31 verbose request where is https://registry.npmjs.org/bower
32 info trying registry request attempt 1 at 06:46:04
33 verbose etag "4KD7JL5DYL47GWO4N9ZKA6KGZ"
34 http GET https://registry.npmjs.org/bower
35 verbose git clone git://github.com//g Cloning into bare repository '/root/.npm/_git-remotes/git-github-com-g-9c3f4b28'...
35 verbose git clone git://github.com//g
35 verbose git clone git://github.com//g fatal: remote error:
35 verbose git clone git://github.com//g   Repository not found.
36 silly lockFile 9c3f4b28-git-github-com-g git://github.com//g
37 silly lockFile 9c3f4b28-git-github-com-g git://github.com//g
38 info maybeGithub Attempting /g from git+ssh://git@github.com:/g
39 silly lockFile d8ff98e4-ssh-git-github-com-g ssh://git@github.com:/g
40 verbose lock ssh://git@github.com:/g /root/.npm/d8ff98e4-ssh-git-github-com-g.lock
41 verbose addRemoteGit [ 'ssh://git@github.com:/g', 'master' ]
42 http 304 https://registry.npmjs.org/bower
43 silly registry.get cb [ 304,
43 silly registry.get   { date: 'Fri, 28 Oct 2016 11:04:52 GMT',
43 silly registry.get     via: '1.1 varnish',
43 silly registry.get     'cache-control': 'max-age=300',
43 silly registry.get     etag: '"4KD7JL5DYL47GWO4N9ZKA6KGZ"',
43 silly registry.get     age: '99',
43 silly registry.get     connection: 'keep-alive',
43 silly registry.get     'x-served-by': 'cache-sin6920-SIN',
43 silly registry.get     'x-cache': 'HIT',
43 silly registry.get     'x-cache-hits': '4',
43 silly registry.get     'x-timer': 'S1477652692.055157,VS0,VE0',
43 silly registry.get     vary: 'Accept-Encoding' } ]
44 verbose etag https://registry.npmjs.org/bower from cache
45 silly addNameRange number 2 { name: 'bower', range: '*', hasData: true }
46 silly addNameRange versions [ 'bower',
46 silly addNameRange   [ '0.1.0',
46 silly addNameRange     '0.1.2',
46 silly addNameRange     '0.1.3',
46 silly addNameRange     '0.2.0',
46 silly addNameRange     '0.3.0',
46 silly addNameRange     '0.3.1',
46 silly addNameRange     '0.3.2',
46 silly addNameRange     '0.4.0',
46 silly addNameRange     '0.5.0',
46 silly addNameRange     '0.5.1',
46 silly addNameRange     '0.6.0',
46 silly addNameRange     '0.6.1',
46 silly addNameRange     '0.6.2',
46 silly addNameRange     '0.6.3',
46 silly addNameRange     '0.6.4',
46 silly addNameRange     '0.6.5',
46 silly addNameRange     '0.6.6',
46 silly addNameRange     '0.6.7',
46 silly addNameRange     '0.6.8',
46 silly addNameRange     '0.7.0',
46 silly addNameRange     '0.7.1',
46 silly addNameRange     '0.8.0',
46 silly addNameRange     '0.8.1',
46 silly addNameRange     '0.8.2',
46 silly addNameRange     '0.8.3',
46 silly addNameRange     '0.8.4',
46 silly addNameRange     '0.8.5',
46 silly addNameRange     '0.8.6',
46 silly addNameRange     '0.9.0',
46 silly addNameRange     '0.9.1',
46 silly addNameRange     '0.9.2',
46 silly addNameRange     '0.10.0',
46 silly addNameRange     '1.0.0',
46 silly addNameRange     '1.0.1',
46 silly addNameRange     '1.0.2',
46 silly addNameRange     '1.0.3',
46 silly addNameRange     '1.1.0',
46 silly addNameRange     '1.1.1',
46 silly addNameRange     '1.1.2',
46 silly addNameRange     '1.2.0',
46 silly addNameRange     '1.2.1',
46 silly addNameRange     '1.2.2',
46 silly addNameRange     '1.2.3',
46 silly addNameRange     '1.2.4',
46 silly addNameRange     '1.2.5',
46 silly addNameRange     '1.2.6',
46 silly addNameRange     '1.2.7',
46 silly addNameRange     '1.2.8',
46 silly addNameRange     '1.3.0',
46 silly addNameRange     '1.3.1',
46 silly addNameRange     '1.3.2',
46 silly addNameRange     '1.3.3',
46 silly addNameRange     '1.3.4',
46 silly addNameRange     '1.3.5',
46 silly addNameRange     '1.3.6',
46 silly addNameRange     '1.3.7',
46 silly addNameRange     '1.3.8',
46 silly addNameRange     '1.3.9',
46 silly addNameRange     '1.3.10',
46 silly addNameRange     '1.3.11',
46 silly addNameRange     '1.3.12',
46 silly addNameRange     '1.4.0',
46 silly addNameRange     '1.4.1',
46 silly addNameRange     '1.5.0',
46 silly addNameRange     '1.5.1',
46 silly addNameRange     '1.5.2',
46 silly addNameRange     '1.5.3',
46 silly addNameRange     '1.6.2',
46 silly addNameRange     '1.6.3',
46 silly addNameRange     '1.6.4',
46 silly addNameRange     '1.6.5',
46 silly addNameRange     '1.5.4',
46 silly addNameRange     '1.4.2',
46 silly addNameRange     '1.6.6',
46 silly addNameRange     '1.6.7',
46 silly addNameRange     '1.6.8',
46 silly addNameRange     '1.6.9',
46 silly addNameRange     '1.7.0',
46 silly addNameRange     '1.7.1',
46 silly addNameRange     '1.7.2',
46 silly addNameRange     '1.7.5',
46 silly addNameRange     '1.7.6',
46 silly addNameRange     '1.7.7',
46 silly addNameRange     '1.7.8',
46 silly addNameRange     '1.7.9' ] ]
47 verbose addNamed [ 'bower', '1.7.9' ]
48 verbose addNamed [ '1.7.9', '1.7.9' ]
49 silly lockFile c07be986-bower-1-7-9 bower@1.7.9
50 verbose lock bower@1.7.9 /root/.npm/c07be986-bower-1-7-9.lock
51 silly lockFile c07be986-bower-1-7-9 bower@1.7.9
52 silly lockFile c07be986-bower-1-7-9 bower@1.7.9
53 error git clone ssh://git@github.com:/g Cloning into bare repository '/root/.npm/_git-remotes/ssh-git-github-com-g-d8ff98e4'...
53 error git clone ssh://git@github.com:/g
53 error git clone ssh://git@github.com:/g ssh: Could not resolve hostname github.com:: Name or service not known
53 error git clone ssh://git@github.com:/g fatal: Could not read from remote repository.
53 error git clone ssh://git@github.com:/g
53 error git clone ssh://git@github.com:/g Please make sure you have the correct access rights
53 error git clone ssh://git@github.com:/g and the repository exists.
54 silly lockFile 1240aab1-bower bower@
55 silly lockFile 1240aab1-bower bower@
56 silly lockFile d8ff98e4-ssh-git-github-com-g ssh://git@github.com:/g
57 silly lockFile d8ff98e4-ssh-git-github-com-g ssh://git@github.com:/g
58 silly lockFile 896568da-g /g
59 silly lockFile 896568da-g /g
60 error addLocal Could not install /g
61 error Error: ENOENT, stat '/g'
62 error If you need help, you may report this *entire* log,
62 error including the npm and node versions, at:
62 error     <http://github.com/npm/npm/issues>
63 error System Linux 3.10.0-123.el7.x86_64
64 error command "/usr/bin/node" "/usr/bin/npm" "install" "bower" "/g"
65 error cwd /opt/testautothon2016
66 error node -v v0.10.36
67 error npm -v 1.4.28
68 error path /g
69 error code ENOENT
70 error errno 34
71 verbose exit [ 34, true ]
